{
  "RSpec": {
    "coverage": {
      "/home/guy/Development/tddtemplate/rails-with-angular/app/helpers/application_helper.rb": [
        1,
        null
      ],
      "/home/guy/Development/tddtemplate/rails-with-angular/app/helpers/static_pages_helper.rb": [
        1,
        null
      ],
      "/home/guy/Development/tddtemplate/rails-with-angular/app/models/setting.rb": [
        1,
        null,
        1,
        6,
        6,
        null,
        null,
        1,
        3,
        3,
        null,
        null,
        1,
        6,
        4,
        2,
        null,
        null
      ],
      "/home/guy/Development/tddtemplate/rails-with-angular/app/controllers/static_pages_controller.rb": [
        1,
        1,
        1,
        null,
        null
      ],
      "/home/guy/Development/tddtemplate/rails-with-angular/app/controllers/application_controller.rb": [
        1,
        null,
        null,
        1,
        null,
        1,
        0,
        0,
        0,
        0,
        0,
        null,
        null,
        null,
        null,
        0,
        null,
        null
      ],
      "/home/guy/Development/tddtemplate/rails-with-angular/app/controllers/api_controller.rb": [
        0,
        0,
        0,
        0,
        0,
        0,
        0,
        0,
        0,
        0,
        0,
        0,
        0,
        0,
        0,
        0,
        0,
        0,
        0,
        0,
        0,
        0,
        0,
        0,
        0,
        0,
        0,
        0,
        0,
        0,
        0,
        0,
        0,
        0,
        0,
        0,
        0,
        0,
        0,
        0,
        0,
        0,
        0,
        0,
        0,
        0
      ]
    },
    "timestamp": 1462459544
  }
}
